The system is: Windows - 10.0.22000 - AMD64
Compiling the C compiler identification source file "CMakeCCompilerId.c" succeeded.
Compiler: C:/Program Files/Microsoft Visual Studio/2022/Community/VC/Tools/MSVC/14.30.30705/bin/Hostx64/x64/cl.exe 
Build flags: 
Id flags:  

The output was:
0
Microsoft (R) C/C++ Optimizing Compiler Version 19.30.30709 for x64
Copyright (C) Microsoft Corporation.  All rights reserved.

CMakeCCompilerId.c
Microsoft (R) Incremental Linker Version 14.30.30709.0
Copyright (C) Microsoft Corporation.  All rights reserved.

/out:CMakeCCompilerId.exe 
CMakeCCompilerId.obj 


Compilation of the C compiler identification source "CMakeCCompilerId.c" produced "CMakeCCompilerId.exe"

Compilation of the C compiler identification source "CMakeCCompilerId.c" produced "CMakeCCompilerId.obj"

The C compiler identification is MSVC, found in "C:/repos/repo_distro/aburn/usr/modules/NewModule/src/out/build/x64-Debug/CMakeFiles/3.21.21080301-MSVC_2/CompilerIdC/CMakeCCompilerId.exe"

Compiling the CXX compiler identification source file "CMakeCXXCompilerId.cpp" succeeded.
Compiler: C:/Program Files/Microsoft Visual Studio/2022/Community/VC/Tools/MSVC/14.30.30705/bin/Hostx64/x64/cl.exe 
Build flags: 
Id flags:  

The output was:
0
Microsoft (R) C/C++ Optimizing Compiler Version 19.30.30709 for x64
Copyright (C) Microsoft Corporation.  All rights reserved.

CMakeCXXCompilerId.cpp
Microsoft (R) Incremental Linker Version 14.30.30709.0
Copyright (C) Microsoft Corporation.  All rights reserved.

/out:CMakeCXXCompilerId.exe 
CMakeCXXCompilerId.obj 


Compilation of the CXX compiler identification source "CMakeCXXCompilerId.cpp" produced "CMakeCXXCompilerId.exe"

Compilation of the CXX compiler identification source "CMakeCXXCompilerId.cpp" produced "CMakeCXXCompilerId.obj"

The CXX compiler identification is MSVC, found in "C:/repos/repo_distro/aburn/usr/modules/NewModule/src/out/build/x64-Debug/CMakeFiles/3.21.21080301-MSVC_2/CompilerIdCXX/CMakeCXXCompilerId.exe"

Detecting C compiler ABI info compiled with the following output:
Change Dir: C:/repos/repo_distro/aburn/usr/modules/NewModule/src/out/build/x64-Debug/CMakeFiles/CMakeTmp

Run Build Command(s):C:/Program Files/Microsoft Visual Studio/2022/Community/Common7/IDE/CommonExtensions/Microsoft/CMake/Ninja/ninja.exe cmTC_0818b && [1/2] Building C object CMakeFiles\cmTC_0818b.dir\CMakeCCompilerABI.c.obj
[2/2] Linking C executable cmTC_0818b.exe



Detecting CXX compiler ABI info compiled with the following output:
Change Dir: C:/repos/repo_distro/aburn/usr/modules/NewModule/src/out/build/x64-Debug/CMakeFiles/CMakeTmp

Run Build Command(s):C:/Program Files/Microsoft Visual Studio/2022/Community/Common7/IDE/CommonExtensions/Microsoft/CMake/Ninja/ninja.exe cmTC_088ba && [1/2] Building CXX object CMakeFiles\cmTC_088ba.dir\CMakeCXXCompilerABI.cpp.obj
[2/2] Linking CXX executable cmTC_088ba.exe



Determining if the AFTR_CONFIG_USE_FREE_TYPE exist passed with the following output:
Change Dir: C:/repos/repo_distro/aburn/usr/modules/NewModule/src/out/build/x64-Debug/CMakeFiles/CMakeTmp

Run Build Command(s):C:/Program Files/Microsoft Visual Studio/2022/Community/Common7/IDE/CommonExtensions/Microsoft/CMake/Ninja/ninja.exe cmTC_e783f && [1/2] Building C object CMakeFiles\cmTC_e783f.dir\CheckSymbolExists.c.obj
[2/2] Linking C executable cmTC_e783f.exe


File C:/repos/repo_distro/aburn/usr/modules/NewModule/src/out/build/x64-Debug/CMakeFiles/CMakeTmp/CheckSymbolExists.c:
/* */
#include <C:/repos/repo_distro/aburn/usr/include/aftr/AftrConfig.h>

int main(int argc, char** argv)
{
  (void)argv;
#ifndef AFTR_CONFIG_USE_FREE_TYPE
  return ((int*)(&AFTR_CONFIG_USE_FREE_TYPE))[argc];
#else
  (void)argc;
  return 0;
#endif
}
Determining if the AFTR_CONFIG_USE_FREE_TYPE_GL_FONTS exist passed with the following output:
Change Dir: C:/repos/repo_distro/aburn/usr/modules/NewModule/src/out/build/x64-Debug/CMakeFiles/CMakeTmp

Run Build Command(s):C:/Program Files/Microsoft Visual Studio/2022/Community/Common7/IDE/CommonExtensions/Microsoft/CMake/Ninja/ninja.exe cmTC_5b668 && [1/2] Building C object CMakeFiles\cmTC_5b668.dir\CheckSymbolExists.c.obj
[2/2] Linking C executable cmTC_5b668.exe


File C:/repos/repo_distro/aburn/usr/modules/NewModule/src/out/build/x64-Debug/CMakeFiles/CMakeTmp/CheckSymbolExists.c:
/* */
#include <C:/repos/repo_distro/aburn/usr/include/aftr/AftrConfig.h>

int main(int argc, char** argv)
{
  (void)argv;
#ifndef AFTR_CONFIG_USE_FREE_TYPE_GL_FONTS
  return ((int*)(&AFTR_CONFIG_USE_FREE_TYPE_GL_FONTS))[argc];
#else
  (void)argc;
  return 0;
#endif
}
Determining if the AFTR_CONFIG_USE_GDAL exist passed with the following output:
Change Dir: C:/repos/repo_distro/aburn/usr/modules/NewModule/src/out/build/x64-Debug/CMakeFiles/CMakeTmp

Run Build Command(s):C:/Program Files/Microsoft Visual Studio/2022/Community/Common7/IDE/CommonExtensions/Microsoft/CMake/Ninja/ninja.exe cmTC_285a0 && [1/2] Building C object CMakeFiles\cmTC_285a0.dir\CheckSymbolExists.c.obj
[2/2] Linking C executable cmTC_285a0.exe


File C:/repos/repo_distro/aburn/usr/modules/NewModule/src/out/build/x64-Debug/CMakeFiles/CMakeTmp/CheckSymbolExists.c:
/* */
#include <C:/repos/repo_distro/aburn/usr/include/aftr/AftrConfig.h>

int main(int argc, char** argv)
{
  (void)argv;
#ifndef AFTR_CONFIG_USE_GDAL
  return ((int*)(&AFTR_CONFIG_USE_GDAL))[argc];
#else
  (void)argc;
  return 0;
#endif
}
Determining if the AFTR_CONFIG_USE_ASSIMP exist passed with the following output:
Change Dir: C:/repos/repo_distro/aburn/usr/modules/NewModule/src/out/build/x64-Debug/CMakeFiles/CMakeTmp

Run Build Command(s):C:/Program Files/Microsoft Visual Studio/2022/Community/Common7/IDE/CommonExtensions/Microsoft/CMake/Ninja/ninja.exe cmTC_9a31f && [1/2] Building C object CMakeFiles\cmTC_9a31f.dir\CheckSymbolExists.c.obj
[2/2] Linking C executable cmTC_9a31f.exe


File C:/repos/repo_distro/aburn/usr/modules/NewModule/src/out/build/x64-Debug/CMakeFiles/CMakeTmp/CheckSymbolExists.c:
/* */
#include <C:/repos/repo_distro/aburn/usr/include/aftr/AftrConfig.h>

int main(int argc, char** argv)
{
  (void)argv;
#ifndef AFTR_CONFIG_USE_ASSIMP
  return ((int*)(&AFTR_CONFIG_USE_ASSIMP))[argc];
#else
  (void)argc;
  return 0;
#endif
}
Determining if the AFTR_CONFIG_USE_IMGUI exist passed with the following output:
Change Dir: C:/repos/repo_distro/aburn/usr/modules/NewModule/src/out/build/x64-Debug/CMakeFiles/CMakeTmp

Run Build Command(s):C:/Program Files/Microsoft Visual Studio/2022/Community/Common7/IDE/CommonExtensions/Microsoft/CMake/Ninja/ninja.exe cmTC_34c2f && [1/2] Building C object CMakeFiles\cmTC_34c2f.dir\CheckSymbolExists.c.obj
[2/2] Linking C executable cmTC_34c2f.exe


File C:/repos/repo_distro/aburn/usr/modules/NewModule/src/out/build/x64-Debug/CMakeFiles/CMakeTmp/CheckSymbolExists.c:
/* */
#include <C:/repos/repo_distro/aburn/usr/include/aftr/AftrConfig.h>

int main(int argc, char** argv)
{
  (void)argv;
#ifndef AFTR_CONFIG_USE_IMGUI
  return ((int*)(&AFTR_CONFIG_USE_IMGUI))[argc];
#else
  (void)argc;
  return 0;
#endif
}
Determining if the AFTR_CONFIG_USE_OGL_GLEW exist passed with the following output:
Change Dir: C:/repos/repo_distro/aburn/usr/modules/NewModule/src/out/build/x64-Debug/CMakeFiles/CMakeTmp

Run Build Command(s):C:/Program Files/Microsoft Visual Studio/2022/Community/Common7/IDE/CommonExtensions/Microsoft/CMake/Ninja/ninja.exe cmTC_642d8 && [1/2] Building C object CMakeFiles\cmTC_642d8.dir\CheckSymbolExists.c.obj
[2/2] Linking C executable cmTC_642d8.exe


File C:/repos/repo_distro/aburn/usr/modules/NewModule/src/out/build/x64-Debug/CMakeFiles/CMakeTmp/CheckSymbolExists.c:
/* */
#include <C:/repos/repo_distro/aburn/usr/include/aftr/AftrConfig.h>

int main(int argc, char** argv)
{
  (void)argv;
#ifndef AFTR_CONFIG_USE_OGL_GLEW
  return ((int*)(&AFTR_CONFIG_USE_OGL_GLEW))[argc];
#else
  (void)argc;
  return 0;
#endif
}
Determining if the AFTR_CONFIG_USE_FMT_LIB exist passed with the following output:
Change Dir: C:/repos/repo_distro/aburn/usr/modules/NewModule/src/out/build/x64-Debug/CMakeFiles/CMakeTmp

Run Build Command(s):C:/Program Files/Microsoft Visual Studio/2022/Community/Common7/IDE/CommonExtensions/Microsoft/CMake/Ninja/ninja.exe cmTC_1eb05 && [1/2] Building C object CMakeFiles\cmTC_1eb05.dir\CheckSymbolExists.c.obj
[2/2] Linking C executable cmTC_1eb05.exe


File C:/repos/repo_distro/aburn/usr/modules/NewModule/src/out/build/x64-Debug/CMakeFiles/CMakeTmp/CheckSymbolExists.c:
/* */
#include <C:/repos/repo_distro/aburn/usr/include/aftr/AftrConfig.h>

int main(int argc, char** argv)
{
  (void)argv;
#ifndef AFTR_CONFIG_USE_FMT_LIB
  return ((int*)(&AFTR_CONFIG_USE_FMT_LIB))[argc];
#else
  (void)argc;
  return 0;
#endif
}
Determining if the AFTR_CONFIG_USE_BOOST exist passed with the following output:
Change Dir: C:/repos/repo_distro/aburn/usr/modules/NewModule/src/out/build/x64-Debug/CMakeFiles/CMakeTmp

Run Build Command(s):C:/Program Files/Microsoft Visual Studio/2022/Community/Common7/IDE/CommonExtensions/Microsoft/CMake/Ninja/ninja.exe cmTC_48043 && [1/2] Building C object CMakeFiles\cmTC_48043.dir\CheckSymbolExists.c.obj
[2/2] Linking C executable cmTC_48043.exe


File C:/repos/repo_distro/aburn/usr/modules/NewModule/src/out/build/x64-Debug/CMakeFiles/CMakeTmp/CheckSymbolExists.c:
/* */
#include <C:/repos/repo_distro/aburn/usr/include/aftr/AftrConfig.h>

int main(int argc, char** argv)
{
  (void)argv;
#ifndef AFTR_CONFIG_USE_BOOST
  return ((int*)(&AFTR_CONFIG_USE_BOOST))[argc];
#else
  (void)argc;
  return 0;
#endif
}
